-------------------------------------------------------------------------------
Test set: edu.ulima.ProyectoApplicationTests
-------------------------------------------------------------------------------
Tests run: 1, Failures: 0, Errors: 1, Skipped: 0, Time elapsed: 1.605 s <<< FAILURE! - in edu.ulima.ProyectoApplicationTests
contextLoads  Time elapsed: 0.001 s  <<< ERROR!
java.lang.IllegalStateException: Failed to load ApplicationContext
Caused by: org.springframework.beans.factory.UnsatisfiedDependencyException: Error creating bean with name 'org.springframework.boot.autoconfigure.orm.jpa.HibernateJpaConfiguration': Unsatisfied dependency expressed through constructor parameter 0; nested exception is org.springframework.beans.factory.BeanCreationException: Error creating bean with name 'databaseConfig': Injection of autowired dependencies failed; nested exception is java.lang.IllegalArgumentException: Could not resolve placeholder 'spring.datasource.url' in value "${spring.datasource.url}"
Caused by: org.springframework.beans.factory.BeanCreationException: Error creating bean with name 'databaseConfig': Injection of autowired dependencies failed; nested exception is java.lang.IllegalArgumentException: Could not resolve placeholder 'spring.datasource.url' in value "${spring.datasource.url}"
Caused by: java.lang.IllegalArgumentException: Could not resolve placeholder 'spring.datasource.url' in value "${spring.datasource.url}"

